C:\Program Files\Microsoft Visual Studio\2022\Community\MSBuild\Microsoft\VC\v170\Microsoft.CppBuild.targets(519,5): warning MSB8004: Intermediate Directory does not end with a trailing slash.  This build instance will add the slash as it is required to allow proper evaluation of the Intermediate Directory.
C:\Program Files\Microsoft Visual Studio\2022\Community\MSBuild\Microsoft\VC\v170\Microsoft.CppBuild.targets(520,5): warning MSB8004: Output Directory does not end with a trailing slash.  This build instance will add the slash as it is required to allow proper evaluation of the Output Directory.
  Game.cpp
D:\Projects\da\Game\Game\Game.cpp(8,27): warning C4244: 'return': conversion from 'double' to 'float', possible loss of data
D:\Projects\da\Game\Game\Game.cpp(16,19): warning C4244: 'argument': conversion from 'time_t' to 'unsigned int', possible loss of data
D:\Projects\da\Game\Game\Game.cpp(121,24): warning C4244: '=': conversion from 'float' to 'int', possible loss of data
D:\Projects\da\Game\Game\Game.cpp(160,36): warning C4244: 'argument': conversion from 'float' to 'int', possible loss of data
D:\Projects\da\Game\Game\Game.cpp(160,30): warning C4244: 'argument': conversion from 'float' to 'int', possible loss of data
D:\Projects\da\Game\Game\Game.cpp(161,46): warning C4244: 'argument': conversion from 'float' to 'int', possible loss of data
D:\Projects\da\Game\Game\Game.cpp(161,34): warning C4244: 'argument': conversion from 'float' to 'int', possible loss of data
D:\Projects\da\Game\Game\Game.cpp(170,24): warning C4244: 'initializing': conversion from 'double' to 'float', possible loss of data
D:\Projects\da\Game\Game\Game.cpp(179,32): warning C4244: '=': conversion from 'float' to 'int', possible loss of data
D:\Projects\da\Game\Game\Game.cpp(185,32): warning C4244: '=': conversion from 'float' to 'int', possible loss of data
D:\Projects\da\Game\Game\Game.cpp(317,66): warning C4244: 'argument': conversion from 'float' to 'int', possible loss of data
D:\Projects\da\Game\Game\Game.cpp(317,49): warning C4244: 'argument': conversion from 'float' to 'int', possible loss of data
D:\Projects\da\Game\Game\Game.cpp(424,64): warning C4244: 'argument': conversion from 'float' to 'int', possible loss of data
D:\Projects\da\Game\Game\Game.cpp(424,50): warning C4244: 'argument': conversion from 'float' to 'int', possible loss of data
D:\Projects\da\Game\Game\Game.cpp(427,107): warning C4244: 'argument': conversion from 'float' to 'int', possible loss of data
D:\Projects\da\Game\Game\Game.cpp(427,83): warning C4244: 'argument': conversion from 'float' to 'int', possible loss of data
D:\Projects\da\Game\Game\Game.cpp(447,72): warning C4244: 'argument': conversion from 'float' to 'int', possible loss of data
D:\Projects\da\Game\Game\Game.cpp(447,48): warning C4244: 'argument': conversion from 'float' to 'int', possible loss of data
D:\Projects\da\Game\Game\Game.cpp(504,48): warning C4244: 'argument': conversion from 'double' to 'int', possible loss of data
D:\Projects\da\Game\Game\Game.cpp(504,40): warning C4244: 'argument': conversion from 'double' to 'int', possible loss of data
D:\Projects\da\Game\Game\Game.cpp(506,20): warning C4551: function call missing argument list
  Game.vcxproj -> D:\Projects\da\Game\lib\Game.exe
